<?xml version="1.0" encoding="UTF-8"?>
<!-- Generated by org.testng.reporters.JUnitXMLReporter -->
<testsuite hostname="User-PC" ignored="0" name="TestLoginPage" tests="3" failures="0" timestamp="2020-02-17T17:04:12 MSK" time="13.605" errors="0">
  <testcase name="createEmptyLoginTest" time="0.334" classname="itAcademy.tests.MAIL.LoginPageTest"/>
  <testcase name="invalidLoginCreationTest" time="0.355" classname="itAcademy.tests.MAIL.LoginPageTest"/>
  <testcase name="logInTest" time="1.063" classname="itAcademy.tests.MAIL.LoginPageTest"/>
</testsuite> <!-- TestLoginPage -->
