<?xml version="1.0" encoding="UTF-8"?>
<!-- Generated by org.testng.reporters.JUnitXMLReporter -->
<testsuite hostname="User-PC" ignored="0" name="TestLetterPage" tests="7" failures="0" timestamp="2020-02-17T17:05:11 MSK" time="44.903" errors="0">
  <testcase name="sendLetterTest" time="1.972" classname="itAcademy.tests.MAIL.LetterPageTest"/>
  <testcase name="checkSentTest" time="1.375" classname="itAcademy.tests.MAIL.LetterPageTest"/>
  <testcase name="checkInboxTest" time="10.877" classname="itAcademy.tests.MAIL.LetterPageTest"/>
  <testcase name="sendLetterWithInvalidAddressTest" time="3.646" classname="itAcademy.tests.MAIL.LetterPageTest"/>
  <testcase name="sendLetterWithoutTopicAndBodyTest" time="4.783" classname="itAcademy.tests.MAIL.LetterPageTest"/>
  <testcase name="checkSentByAddressTest" time="1.285" classname="itAcademy.tests.MAIL.LetterPageTest"/>
  <testcase name="checkInboxByAddressTest" time="2.223" classname="itAcademy.tests.MAIL.LetterPageTest"/>
</testsuite> <!-- TestLetterPage -->
