<?xml version="1.0" encoding="UTF-8"?>
<!-- Generated by org.testng.reporters.JUnitXMLReporter -->
<testsuite hostname="User-PC" ignored="0" name="TestDeletedLettersPage" tests="2" failures="0" timestamp="2020-02-17T17:07:33 MSK" time="86.513" errors="0">
  <testcase name="checkLetterTest" time="1.049" classname="itAcademy.tests.MAIL.DeletedLettersPageTest"/>
  <testcase name="DeleteTest" time="12.287" classname="itAcademy.tests.MAIL.DeletedLettersPageTest"/>
</testsuite> <!-- TestDeletedLettersPage -->
