<?xml version="1.0" encoding="UTF-8"?>
<!-- Generated by org.testng.reporters.JUnitXMLReporter -->
<testsuite hostname="User-PC" ignored="0" name="TestPasswordPage" tests="3" failures="0" timestamp="2020-02-17T17:04:26 MSK" time="14.6" errors="0">
  <testcase name="createEmptyPasswordTest" time="0.254" classname="itAcademy.tests.MAIL.PasswordPageTest"/>
  <testcase name="invalidPasswordCreationTest" time="0.357" classname="itAcademy.tests.MAIL.PasswordPageTest"/>
  <testcase name="logInTest" time="1.825" classname="itAcademy.tests.MAIL.PasswordPageTest"/>
</testsuite> <!-- TestPasswordPage -->
