<?xml version="1.0" encoding="UTF-8"?>
<!-- Generated by org.testng.reporters.JUnitXMLReporter -->
<testsuite hostname="User-PC" ignored="0" name="TestDiskPage" tests="5" failures="0" timestamp="2020-02-17T17:08:24 MSK" time="51.341" errors="0">
  <testcase name="createFolderTest" time="3.66" classname="itAcademy.tests.CLOUD.YandexDiskPageTest"/>
  <testcase name="deleteFolderTest" time="11.259" classname="itAcademy.tests.CLOUD.YandexDiskPageTest"/>
  <testcase name="downloadFileTest" time="2.474" classname="itAcademy.tests.CLOUD.YandexDiskPageTest"/>
  <testcase name="dragAndDropFileTest" time="5.919" classname="itAcademy.tests.CLOUD.YandexDiskPageTest"/>
  <testcase name="shareFileLinkTest" time="9.626" classname="itAcademy.tests.CLOUD.YandexDiskPageTest"/>
</testsuite> <!-- TestDiskPage -->
